<?xml version="1.0" encoding="UTF-8"?>
<testng-results ignored="0" total="3" passed="3" failed="0" skipped="0">
  <reporter-output>
  </reporter-output>
  <suite started-at="2023-03-16T20:34:59 IST" name="Default suite" finished-at="2023-03-16T20:35:27 IST" duration-ms="27398">
    <groups>
      <group name="cucumber">
        <method signature="AbstractTestNGCucumberTests.runScenario(io.cucumber.testng.PickleWrapper,io.cucumber.testng.FeatureWrapper)[pri:0, instance:runners.Pagerunner@1d2adfbe]" name="runScenario" class="io.cucumber.testng.AbstractTestNGCucumberTests"/>
      </group> <!-- cucumber -->
    </groups>
    <test started-at="2023-03-16T20:34:59 IST" name="Default test" finished-at="2023-03-16T20:35:27 IST" duration-ms="27398">
      <class name="runners.Pagerunner">
        <test-method is-config="true" signature="setUpClass(org.testng.ITestContext)[pri:0, instance:runners.Pagerunner@1d2adfbe]" started-at="2023-03-16T20:34:59 IST" name="setUpClass" finished-at="2023-03-16T20:35:03 IST" duration-ms="3144" status="PASS">
          <params>
            <param index="0">
              <value>
                <![CDATA[org.testng.TestRunner@77b5148c]]>
              </value>
            </param>
          </params>
          <reporter-output>
          </reporter-output>
        </test-method> <!-- setUpClass -->
        <test-method signature="runScenario(io.cucumber.testng.PickleWrapper,io.cucumber.testng.FeatureWrapper)[pri:0, instance:runners.Pagerunner@1d2adfbe]" started-at="2023-03-16T20:35:03 IST" name="runScenario" description="Runs Cucumber Scenarios" data-provider="scenarios" finished-at="2023-03-16T20:35:13 IST" duration-ms="10870" status="PASS">
          <params>
            <param index="0">
              <value>
                <![CDATA["Add Item to cart"]]>
              </value>
            </param>
            <param index="1">
              <value>
                <![CDATA["Item purchase"]]>
              </value>
            </param>
          </params>
          <reporter-output>
          </reporter-output>
        </test-method> <!-- runScenario -->
        <test-method signature="runScenario(io.cucumber.testng.PickleWrapper,io.cucumber.testng.FeatureWrapper)[pri:0, instance:runners.Pagerunner@1d2adfbe]" started-at="2023-03-16T20:35:13 IST" name="runScenario" description="Runs Cucumber Scenarios" data-provider="scenarios" finished-at="2023-03-16T20:35:14 IST" duration-ms="79" status="PASS">
          <params>
            <param index="0">
              <value>
                <![CDATA["Delete an Item"]]>
              </value>
            </param>
            <param index="1">
              <value>
                <![CDATA["Item purchase"]]>
              </value>
            </param>
          </params>
          <reporter-output>
          </reporter-output>
        </test-method> <!-- runScenario -->
        <test-method signature="runScenario(io.cucumber.testng.PickleWrapper,io.cucumber.testng.FeatureWrapper)[pri:0, instance:runners.Pagerunner@1d2adfbe]" started-at="2023-03-16T20:35:14 IST" name="runScenario" description="Runs Cucumber Scenarios" data-provider="scenarios" finished-at="2023-03-16T20:35:24 IST" duration-ms="10576" status="PASS">
          <params>
            <param index="0">
              <value>
                <![CDATA["place order"]]>
              </value>
            </param>
            <param index="1">
              <value>
                <![CDATA["Item purchase"]]>
              </value>
            </param>
          </params>
          <reporter-output>
          </reporter-output>
        </test-method> <!-- runScenario -->
        <test-method is-config="true" signature="tearDownClass()[pri:0, instance:runners.Pagerunner@1d2adfbe]" started-at="2023-03-16T20:35:24 IST" name="tearDownClass" finished-at="2023-03-16T20:35:27 IST" duration-ms="2686" status="PASS">
          <reporter-output>
          </reporter-output>
        </test-method> <!-- tearDownClass -->
      </class> <!-- runners.Pagerunner -->
    </test> <!-- Default test -->
  </suite> <!-- Default suite -->
</testng-results>
